e:\workspace\visualstudio\kylinbot\kylinbot\debug\vc120.pdb
e:\workspace\visualstudio\kylinbot\kylinbot\debug\vc120.idb
e:\workspace\visualstudio\kylinbot\kylinbot\debug\ahrs.obj
e:\workspace\visualstudio\kylinbot\kylinbot\debug\cbus.obj
e:\workspace\visualstudio\kylinbot\kylinbot\debug\crc16.obj
e:\workspace\visualstudio\kylinbot\kylinbot\debug\dbus.obj
e:\workspace\visualstudio\kylinbot\kylinbot\debug\ekf.obj
e:\workspace\visualstudio\kylinbot\kylinbot\debug\est.obj
e:\workspace\visualstudio\kylinbot\kylinbot\debug\fifo.obj
e:\workspace\visualstudio\kylinbot\kylinbot\debug\gdf.obj
e:\workspace\visualstudio\kylinbot\kylinbot\debug\hcp.obj
e:\workspace\visualstudio\kylinbot\kylinbot\debug\maf.obj
e:\workspace\visualstudio\kylinbot\kylinbot\debug\mecanum.obj
e:\workspace\visualstudio\kylinbot\kylinbot\debug\msg.obj
e:\workspace\visualstudio\kylinbot\kylinbot\debug\pid.obj
e:\workspace\visualstudio\kylinbot\kylinbot\debug\rcp.obj
e:\workspace\visualstudio\kylinbot\kylinbot\debug\rmp.obj
e:\workspace\visualstudio\kylinbot\kylinbot\debug\stack.obj
e:\workspace\visualstudio\kylinbot\kylinbot\debug\main.obj
e:\workspace\visualstudio\kylinbot\kylinbot\debug\serial.obj
e:\workspace\visualstudio\kylinbot\debug\kylinbot.ilk
e:\workspace\visualstudio\kylinbot\debug\kylinbot.exe
e:\workspace\visualstudio\kylinbot\debug\kylinbot.pdb
e:\workspace\visualstudio\kylinbot\kylinbot\debug\kylinbot.tlog\cl.command.1.tlog
e:\workspace\visualstudio\kylinbot\kylinbot\debug\kylinbot.tlog\cl.read.1.tlog
e:\workspace\visualstudio\kylinbot\kylinbot\debug\kylinbot.tlog\cl.write.1.tlog
e:\workspace\visualstudio\kylinbot\kylinbot\debug\kylinbot.tlog\link.command.1.tlog
e:\workspace\visualstudio\kylinbot\kylinbot\debug\kylinbot.tlog\link.read.1.tlog
e:\workspace\visualstudio\kylinbot\kylinbot\debug\kylinbot.tlog\link.write.1.tlog
